Perltidy version is 20160302
3:	unexpected character decimal 230 (Ê) in script
3:	unexpected character decimal 156 (ú) in script
3:	unexpected character decimal 137 (â) in script
3:	unexpected character decimal 230 (Ê) in script
3:	unexpected character decimal 151 (ó) in script
3:	unexpected character decimal 182 (∂) in script
3:	unexpected character decimal 239 (Ô) in script
3:	unexpected character decimal 188 (º) in script
3:	unexpected character decimal 140 (å) in script
3:	unexpected character decimal 230 (Ê) in script
3:	unexpected character decimal 136 (à) in script
3:	unexpected character decimal 145 (ë) in script
3:	unexpected character decimal 228 (‰) in script
3:	unexpected character decimal 187 (ª) in script
3:	unexpected character decimal 172 (¨) in script
3:	unexpected character decimal 233 (È) in script
3:	unexpected character decimal 156 (ú) in script
3:	unexpected character decimal 128 (Ä) in script
3:	unexpected character decimal 232 (Ë) in script
3:	unexpected character decimal 166 (¶) in script
3:	unexpected character decimal 129 (Å) in script
3:	unexpected character decimal 229 (Â) in script
3:	unexpected character decimal 142 (é) in script
3:	unexpected character decimal 159 (ü) in script
3:	unexpected character decimal 229 (Â) in script
3:	unexpected character decimal 142 (é) in script
3:	unexpected character decimal 159 (ü) in script
3:	unexpected character decimal 230 (Ê) in script
3:	unexpected character decimal 156 (ú) in script
3:	unexpected character decimal 172 (¨) in script
3:	unexpected character decimal 230 (Ê) in script
3:	unexpected character decimal 156 (ú) in script
3:	unexpected character decimal 172 (¨) in script
3:	unexpected character decimal 229 (Â) in script
3:	unexpected character decimal 156 (ú) in script
3:	unexpected character decimal 176 (∞) in script
3:	unexpected character decimal 228 (‰) in script
3:	unexpected character decimal 184 (∏) in script
3:	unexpected character decimal 186 (∫) in script
3:	unexpected character decimal 229 (Â) in script
3:	unexpected character decimal 175 (Ø) in script
3:	unexpected character decimal 185 (π) in script
3:	unexpected character decimal 232 (Ë) in script
3:	unexpected character decimal 177 (±) in script
3:	unexpected character decimal 161 (°) in script
3:	unexpected character decimal 229 (Â) in script
3:	unexpected character decimal 136 (à) in script
3:	unexpected character decimal 155 (õ) in script
3:	unexpected character decimal 229 (Â) in script
3:	unexpected character decimal 187 (ª) in script
No further warnings will be given
